[2025-11-08 12:55:19.646] [info] Using configuration file /etc/xdg/waybar/config.jsonc
[2025-11-08 12:55:19.648] [info] Unable to receive desktop appearance: GDBus.Error:org.freedesktop.DBus.Error.UnknownMethod: No such interface “org.freedesktop.portal.Settings” on object at path /org/freedesktop/portal/desktop
[2025-11-08 12:55:19.648] [info] Using CSS file /etc/xdg/waybar/style.css
[2025-11-08 12:55:19.655] [warning] module sway/workspaces: Disabling module "sway/workspaces", Socket path is empty
[2025-11-08 12:55:19.659] [warning] module sway/mode: Disabling module "sway/mode", Socket path is empty
[2025-11-08 12:55:19.663] [warning] module sway/scratchpad: Disabling module "sway/scratchpad", Socket path is empty
[2025-11-08 12:55:19.665] [warning] 'swap-icon-label' must be a bool.
[2025-11-08 12:55:19.668] [error] media stopped unexpectedly, is it endless?
[2025-11-08 12:55:19.669] [warning] module sway/window: Disabling module "sway/window", Socket path is empty
[2025-11-08 12:55:19.674] [warning] Can't open /dev/input/mouse2 (are you in the input group?): EACCES Permission denied
[2025-11-08 12:55:19.674] [warning] Can't open /dev/input/event24 (are you in the input group?): EACCES Permission denied
[2025-11-08 12:55:19.674] [warning] Can't open /dev/input/mouse1 (are you in the input group?): EACCES Permission denied
[2025-11-08 12:55:19.674] [warning] Can't open /dev/input/event23 (are you in the input group?): EACCES Permission denied
[2025-11-08 12:55:19.674] [warning] Can't open /dev/input/event22 (are you in the input group?): EACCES Permission denied
[2025-11-08 12:55:19.674] [warning] Can't open /dev/input/event21 (are you in the input group?): EACCES Permission denied
[2025-11-08 12:55:19.674] [warning] Can't open /dev/input/event20 (are you in the input group?): EACCES Permission denied
[2025-11-08 12:55:19.674] [warning] Can't open /dev/input/event19 (are you in the input group?): EACCES Permission denied
[2025-11-08 12:55:19.674] [warning] Can't open /dev/input/event18 (are you in the input group?): EACCES Permission denied
[2025-11-08 12:55:19.674] [warning] Can't open /dev/input/event17 (are you in the input group?): EACCES Permission denied
[2025-11-08 12:55:19.674] [warning] Can't open /dev/input/event16 (are you in the input group?): EACCES Permission denied
[2025-11-08 12:55:19.674] [warning] Can't open /dev/input/event15 (are you in the input group?): EACCES Permission denied
[2025-11-08 12:55:19.674] [warning] Can't open /dev/input/event14 (are you in the input group?): EACCES Permission denied
[2025-11-08 12:55:19.674] [warning] Can't open /dev/input/event13 (are you in the input group?): EACCES Permission denied
[2025-11-08 12:55:19.674] [warning] Can't open /dev/input/mouse0 (are you in the input group?): EACCES Permission denied
[2025-11-08 12:55:19.674] [warning] Can't open /dev/input/mice (are you in the input group?): EACCES Permission denied
[2025-11-08 12:55:19.674] [warning] Can't open /dev/input/event12 (are you in the input group?): EACCES Permission denied
[2025-11-08 12:55:19.674] [warning] Can't open /dev/input/event11 (are you in the input group?): EACCES Permission denied
[2025-11-08 12:55:19.674] [warning] Can't open /dev/input/event10 (are you in the input group?): EACCES Permission denied
[2025-11-08 12:55:19.674] [warning] Can't open /dev/input/event9 (are you in the input group?): EACCES Permission denied
[2025-11-08 12:55:19.674] [warning] Can't open /dev/input/event8 (are you in the input group?): EACCES Permission denied
[2025-11-08 12:55:19.674] [warning] Can't open /dev/input/event7 (are you in the input group?): EACCES Permission denied
[2025-11-08 12:55:19.674] [warning] Can't open /dev/input/event6 (are you in the input group?): EACCES Permission denied
[2025-11-08 12:55:19.674] [warning] Can't open /dev/input/event5 (are you in the input group?): EACCES Permission denied
[2025-11-08 12:55:19.674] [warning] Can't open /dev/input/event4 (are you in the input group?): EACCES Permission denied
[2025-11-08 12:55:19.674] [warning] Can't open /dev/input/event3 (are you in the input group?): EACCES Permission denied
[2025-11-08 12:55:19.674] [warning] Can't open /dev/input/event2 (are you in the input group?): EACCES Permission denied
[2025-11-08 12:55:19.674] [warning] Can't open /dev/input/event1 (are you in the input group?): EACCES Permission denied
[2025-11-08 12:55:19.674] [warning] Can't open /dev/input/event0 (are you in the input group?): EACCES Permission denied
[2025-11-08 12:55:19.674] [warning] module keyboard-state: Disabling module "keyboard-state", Failed to find keyboard device: EACCES Permission denied
[2025-11-08 12:55:19.678] [warning] module sway/language: Disabling module "sway/language", Socket path is empty
[2025-11-08 12:55:19.678] [warning] No battery named BAT2
[2025-11-08 12:55:19.679] [warning] Error while creating the menu : Failed to expand file: $HOME/.config/waybar/power_menu.xml. Menu popup not activated.
[2025-11-08 12:55:19.797] [error] Failed to query power-profiles-daemon via dbus: GDBus.Error:org.freedesktop.DBus.Error.ServiceUnknown: The name is not activatable
[2025-11-08 12:55:19.815] [info] Bar configured (width: 1600, height: 30) for output: eDP-1
[2025-11-08 12:55:31.458] [info] Using configuration file /etc/xdg/waybar/config.jsonc
[2025-11-08 12:55:31.460] [info] Unable to receive desktop appearance: GDBus.Error:org.freedesktop.DBus.Error.UnknownMethod: No such interface “org.freedesktop.portal.Settings” on object at path /org/freedesktop/portal/desktop
[2025-11-08 12:55:31.460] [info] Using CSS file /etc/xdg/waybar/style.css
[2025-11-08 12:55:31.468] [warning] module sway/workspaces: Disabling module "sway/workspaces", Socket path is empty
[2025-11-08 12:55:31.472] [warning] module sway/mode: Disabling module "sway/mode", Socket path is empty
[2025-11-08 12:55:31.475] [warning] module sway/scratchpad: Disabling module "sway/scratchpad", Socket path is empty
[2025-11-08 12:55:31.477] [warning] 'swap-icon-label' must be a bool.
[2025-11-08 12:55:31.480] [error] media stopped unexpectedly, is it endless?
[2025-11-08 12:55:31.481] [warning] module sway/window: Disabling module "sway/window", Socket path is empty
[2025-11-08 12:55:31.485] [warning] Can't open /dev/input/mouse2 (are you in the input group?): EACCES Permission denied
[2025-11-08 12:55:31.485] [warning] Can't open /dev/input/event24 (are you in the input group?): EACCES Permission denied
[2025-11-08 12:55:31.485] [warning] Can't open /dev/input/mouse1 (are you in the input group?): EACCES Permission denied
[2025-11-08 12:55:31.485] [warning] Can't open /dev/input/event23 (are you in the input group?): EACCES Permission denied
[2025-11-08 12:55:31.485] [warning] Can't open /dev/input/event22 (are you in the input group?): EACCES Permission denied
[2025-11-08 12:55:31.485] [warning] Can't open /dev/input/event21 (are you in the input group?): EACCES Permission denied
[2025-11-08 12:55:31.485] [warning] Can't open /dev/input/event20 (are you in the input group?): EACCES Permission denied
[2025-11-08 12:55:31.485] [warning] Can't open /dev/input/event19 (are you in the input group?): EACCES Permission denied
[2025-11-08 12:55:31.485] [warning] Can't open /dev/input/event18 (are you in the input group?): EACCES Permission denied
[2025-11-08 12:55:31.485] [warning] Can't open /dev/input/event17 (are you in the input group?): EACCES Permission denied
[2025-11-08 12:55:31.485] [warning] Can't open /dev/input/event16 (are you in the input group?): EACCES Permission denied
[2025-11-08 12:55:31.485] [warning] Can't open /dev/input/event15 (are you in the input group?): EACCES Permission denied
[2025-11-08 12:55:31.485] [warning] Can't open /dev/input/event14 (are you in the input group?): EACCES Permission denied
[2025-11-08 12:55:31.485] [warning] Can't open /dev/input/event13 (are you in the input group?): EACCES Permission denied
[2025-11-08 12:55:31.485] [warning] Can't open /dev/input/mouse0 (are you in the input group?): EACCES Permission denied
[2025-11-08 12:55:31.485] [warning] Can't open /dev/input/mice (are you in the input group?): EACCES Permission denied
[2025-11-08 12:55:31.485] [warning] Can't open /dev/input/event12 (are you in the input group?): EACCES Permission denied
[2025-11-08 12:55:31.485] [warning] Can't open /dev/input/event11 (are you in the input group?): EACCES Permission denied
[2025-11-08 12:55:31.485] [warning] Can't open /dev/input/event10 (are you in the input group?): EACCES Permission denied
[2025-11-08 12:55:31.485] [warning] Can't open /dev/input/event9 (are you in the input group?): EACCES Permission denied
[2025-11-08 12:55:31.485] [warning] Can't open /dev/input/event8 (are you in the input group?): EACCES Permission denied
[2025-11-08 12:55:31.485] [warning] Can't open /dev/input/event7 (are you in the input group?): EACCES Permission denied
[2025-11-08 12:55:31.485] [warning] Can't open /dev/input/event6 (are you in the input group?): EACCES Permission denied
[2025-11-08 12:55:31.485] [warning] Can't open /dev/input/event5 (are you in the input group?): EACCES Permission denied
[2025-11-08 12:55:31.485] [warning] Can't open /dev/input/event4 (are you in the input group?): EACCES Permission denied
[2025-11-08 12:55:31.485] [warning] Can't open /dev/input/event3 (are you in the input group?): EACCES Permission denied
[2025-11-08 12:55:31.485] [warning] Can't open /dev/input/event2 (are you in the input group?): EACCES Permission denied
[2025-11-08 12:55:31.485] [warning] Can't open /dev/input/event1 (are you in the input group?): EACCES Permission denied
[2025-11-08 12:55:31.485] [warning] Can't open /dev/input/event0 (are you in the input group?): EACCES Permission denied
[2025-11-08 12:55:31.485] [warning] module keyboard-state: Disabling module "keyboard-state", Failed to find keyboard device: EACCES Permission denied
[2025-11-08 12:55:31.488] [warning] module sway/language: Disabling module "sway/language", Socket path is empty
[2025-11-08 12:55:31.489] [warning] No battery named BAT2
[2025-11-08 12:55:31.489] [warning] Error while creating the menu : Failed to expand file: $HOME/.config/waybar/power_menu.xml. Menu popup not activated.
[2025-11-08 12:55:31.602] [error] Failed to query power-profiles-daemon via dbus: GDBus.Error:org.freedesktop.DBus.Error.ServiceUnknown: The name is not activatable
[2025-11-08 12:55:31.621] [info] Bar configured (width: 1600, height: 30) for output: eDP-1
Gdk-Message: 13:09:34.974: Error reading events from display: Broken pipe
[2025-11-16 17:16:59.399] [info] Using configuration file /home/covmoore/.config/waybar/config.jsonc
[2025-11-16 17:16:59.401] [info] Unable to receive desktop appearance: GDBus.Error:org.freedesktop.DBus.Error.UnknownMethod: No such interface “org.freedesktop.portal.Settings” on object at path /org/freedesktop/portal/desktop
[2025-11-16 17:16:59.401] [info] Using CSS file /home/covmoore/.config/waybar/style.css

(waybar:4098): Gtk-WARNING **: 17:16:59.402: Theme parsing error: style.css:46:20: Not using units is deprecated. Assuming 'px'.
[2025-11-16 17:16:59.405] [info] Hyprland IPC starting
[2025-11-16 17:16:59.406] [info] Loading persistent workspaces from Hyprland workspace rules
[2025-11-16 17:16:59.406] [warning] module swayland/mode: Unknown module: swayland/mode
[2025-11-16 17:16:59.407] [warning] module swayland/scratchpad: Unknown module: swayland/scratchpad
[2025-11-16 17:16:59.410] [warning] 'swap-icon-label' must be a bool.
[2025-11-16 17:16:59.412] [error] media stopped unexpectedly, is it endless?
[2025-11-16 17:16:59.413] [warning] module sway/window: Disabling module "sway/window", Socket path is empty
[2025-11-16 17:16:59.418] [warning] Timezone: America/Arizona. std::chrono::tzdb: cannot locate zone: America/Arizona
[2025-11-16 17:16:59.422] [warning] Can't open /dev/input/event24 (are you in the input group?): EACCES Permission denied
[2025-11-16 17:16:59.422] [warning] Can't open /dev/input/mouse2 (are you in the input group?): EACCES Permission denied
[2025-11-16 17:16:59.422] [warning] Can't open /dev/input/event23 (are you in the input group?): EACCES Permission denied
[2025-11-16 17:16:59.422] [warning] Can't open /dev/input/event22 (are you in the input group?): EACCES Permission denied
[2025-11-16 17:16:59.422] [warning] Can't open /dev/input/event21 (are you in the input group?): EACCES Permission denied
[2025-11-16 17:16:59.422] [warning] Can't open /dev/input/event20 (are you in the input group?): EACCES Permission denied
[2025-11-16 17:16:59.422] [warning] Can't open /dev/input/event19 (are you in the input group?): EACCES Permission denied
[2025-11-16 17:16:59.422] [warning] Can't open /dev/input/event18 (are you in the input group?): EACCES Permission denied
[2025-11-16 17:16:59.422] [warning] Can't open /dev/input/event17 (are you in the input group?): EACCES Permission denied
[2025-11-16 17:16:59.422] [warning] Can't open /dev/input/mouse1 (are you in the input group?): EACCES Permission denied
[2025-11-16 17:16:59.422] [warning] Can't open /dev/input/mouse0 (are you in the input group?): EACCES Permission denied
[2025-11-16 17:16:59.422] [warning] Can't open /dev/input/mice (are you in the input group?): EACCES Permission denied
[2025-11-16 17:16:59.423] [warning] Can't open /dev/input/event16 (are you in the input group?): EACCES Permission denied
[2025-11-16 17:16:59.423] [warning] Can't open /dev/input/event15 (are you in the input group?): EACCES Permission denied
[2025-11-16 17:16:59.423] [warning] Can't open /dev/input/event14 (are you in the input group?): EACCES Permission denied
[2025-11-16 17:16:59.423] [warning] Can't open /dev/input/event13 (are you in the input group?): EACCES Permission denied
[2025-11-16 17:16:59.423] [warning] Can't open /dev/input/event12 (are you in the input group?): EACCES Permission denied
[2025-11-16 17:16:59.423] [warning] Can't open /dev/input/event11 (are you in the input group?): EACCES Permission denied
[2025-11-16 17:16:59.423] [warning] Can't open /dev/input/event10 (are you in the input group?): EACCES Permission denied
[2025-11-16 17:16:59.423] [warning] Can't open /dev/input/event9 (are you in the input group?): EACCES Permission denied
[2025-11-16 17:16:59.423] [warning] Can't open /dev/input/event8 (are you in the input group?): EACCES Permission denied
[2025-11-16 17:16:59.423] [warning] Can't open /dev/input/event7 (are you in the input group?): EACCES Permission denied
[2025-11-16 17:16:59.423] [warning] Can't open /dev/input/event6 (are you in the input group?): EACCES Permission denied
[2025-11-16 17:16:59.423] [warning] Can't open /dev/input/event5 (are you in the input group?): EACCES Permission denied
[2025-11-16 17:16:59.423] [warning] Can't open /dev/input/event4 (are you in the input group?): EACCES Permission denied
[2025-11-16 17:16:59.423] [warning] Can't open /dev/input/event3 (are you in the input group?): EACCES Permission denied
[2025-11-16 17:16:59.423] [warning] Can't open /dev/input/event2 (are you in the input group?): EACCES Permission denied
[2025-11-16 17:16:59.423] [warning] Can't open /dev/input/event1 (are you in the input group?): EACCES Permission denied
[2025-11-16 17:16:59.423] [warning] Can't open /dev/input/event0 (are you in the input group?): EACCES Permission denied
[2025-11-16 17:16:59.423] [warning] module keyboard-state: Disabling module "keyboard-state", Failed to find keyboard device: EACCES Permission denied
[2025-11-16 17:16:59.429] [warning] module sway/language: Disabling module "sway/language", Socket path is empty
[2025-11-16 17:16:59.429] [warning] No battery named BAT2
[2025-11-16 17:16:59.429] [warning] Error while creating the menu : Failed to expand file: $HOME/.config/waybar/power_menu.xml. Menu popup not activated.
[2025-11-16 17:16:59.554] [error] Failed to query power-profiles-daemon via dbus: GDBus.Error:org.freedesktop.DBus.Error.ServiceUnknown: The name is not activatable
[2025-11-16 17:16:59.570] [info] Bar configured (width: 1920, height: 45) for output: eDP-1

(waybar:4098): LIBDBUSMENU-GLIB-WARNING **: 17:25:00.983: Unable to replace properties on 0: Error getting properties for ID

(waybar:4098): LIBDBUSMENU-GLIB-WARNING **: 17:25:36.266: Unable to replace properties on 0: Error getting properties for ID

(waybar:4098): LIBDBUSMENU-GLIB-WARNING **: 17:25:36.466: Unable to replace properties on 0: Error getting properties for ID

(waybar:4098): LIBDBUSMENU-GLIB-WARNING **: 17:25:37.170: Unable to replace properties on 0: Error getting properties for ID

(waybar:4098): LIBDBUSMENU-GLIB-WARNING **: 17:25:37.768: Unable to replace properties on 0: Error getting properties for ID

(waybar:4098): LIBDBUSMENU-GLIB-WARNING **: 17:25:39.773: Unable to replace properties on 0: Error getting properties for ID

(waybar:4098): LIBDBUSMENU-GLIB-WARNING **: 17:25:45.490: Unable to replace properties on 0: Error getting properties for ID

(waybar:4098): LIBDBUSMENU-GLIB-WARNING **: 17:25:47.092: Unable to replace properties on 0: Error getting properties for ID

(waybar:4098): LIBDBUSMENU-GLIB-WARNING **: 17:25:57.122: Unable to replace properties on 0: Error getting properties for ID
Gdk-Message: 18:17:46.264: Error reading events from display: Connection reset by peer
